<?xml version="1.0" encoding="UTF-8"?>
<testsuite name="com.fortytwotalents.events.repository.internal.JpaEventRepositoryTests" time="0.611" tests="5" errors="0" skipped="0" failures="0">
  <properties>
[...]
</properties>
  <testcase name="delete" classname="com.fortytwotalents.events.repository.internal.JpaEventRepositoryTests" time="0.313"/>
  <testcase name="findAll" classname="com.fortytwotalents.events.repository.internal.JpaEventRepositoryTests" time="0.219"/>
  <testcase name="update" classname="com.fortytwotalents.events.repository.internal.JpaEventRepositoryTests" time="0.031"/>
  <testcase name="findById" classname="com.fortytwotalents.events.repository.internal.JpaEventRepositoryTests" time="0.032"/>
  <testcase name="saveWithMinimumRequiredFields" classname="com.fortytwotalents.events.repository.internal.JpaEventRepositoryTests" time="0.016"/>
</testsuite>